<?xml version="1.0" encoding="utf-8"?><testsuites name="pytest tests"><testsuite name="pytest" errors="0" failures="0" skipped="0" tests="15" time="283.557" timestamp="2026-07-21T09:05:58.498640+00:00" hostname="agent-env-68e437dd-8c00-40f7-93ab-6d04de7d1bb5"><testcase classname="tests.test_premium_credits.TestGetCredits" name="test_get_credits_returns_correct_shape" time="0.856" /><testcase classname="tests.test_premium_credits.TestGetCredits" name="test_get_credits_unauthenticated" time="0.089" /><testcase classname="tests.test_premium_credits.TestDismissWelcome" name="test_dismiss_welcome_sets_flag_false" time="0.502" /><testcase classname="tests.test_premium_credits.TestPremiumBio" name="test_bio_no_premium_does_not_consume_credit" time="60.603" /><testcase classname="tests.test_premium_credits.TestPremiumBio" name="test_bio_premium_with_credits_decrements" time="60.608" /><testcase classname="tests.test_premium_credits.TestPremiumBio" name="test_bio_premium_no_credits_returns_402" time="0.418" /><testcase classname="tests.test_premium_credits.TestPremiumTheologian" name="test_theologian_premium_no_credits_returns_402" time="0.443" /><testcase classname="tests.test_premium_credits.TestPremiumTheologian" name="test_theologian_premium_with_credits_decrements" time="40.282" /><testcase classname="tests.test_premium_credits.TestPremiumTheologian" name="test_theologian_no_premium_no_consume" time="7.478" /><testcase classname="tests.test_premium_credits.TestNonPremiumTools" name="test_non_premium_tool_does_not_consume[prayer-payload0]" time="7.858" /><testcase classname="tests.test_premium_credits.TestNonPremiumTools" name="test_non_premium_tool_does_not_consume[sermon-payload1]" time="27.671" /><testcase classname="tests.test_premium_credits.TestNonPremiumTools" name="test_non_premium_tool_does_not_consume[parable-payload2]" time="31.479" /><testcase classname="tests.test_premium_credits.TestNonPremiumTools" name="test_non_premium_tool_does_not_consume[devotional-payload3]" time="10.939" /><testcase classname="tests.test_premium_credits.TestNonPremiumTools" name="test_non_premium_tool_does_not_consume[story-payload4]" time="7.470" /><testcase classname="tests.test_premium_credits.TestNonPremiumTools" name="test_non_premium_tool_does_not_consume[explainer-payload5]" time="26.802" /></testsuite></testsuites>