<?xml version="1.0" encoding="utf-8"?><testsuites name="pytest tests"><testsuite name="pytest" errors="0" failures="0" skipped="0" tests="8" time="3.644" timestamp="2026-07-21T08:51:23.532930+00:00" hostname="agent-env-68e437dd-8c00-40f7-93ab-6d04de7d1bb5"><testcase classname="tests.test_google_auth" name="test_jwt_login_sets_access_cookie" time="0.463" /><testcase classname="tests.test_google_auth" name="test_jwt_me_works" time="0.044" /><testcase classname="tests.test_google_auth" name="test_google_session_missing_header" time="0.118" /><testcase classname="tests.test_google_auth" name="test_google_session_invalid_id" time="0.193" /><testcase classname="tests.test_google_auth" name="test_session_token_authenticates_me" time="0.131" /><testcase classname="tests.test_google_auth" name="test_session_token_can_access_protected_prayer" time="0.944" /><testcase classname="tests.test_google_auth" name="test_logout_clears_session_and_deletes_db" time="0.190" /><testcase classname="tests.test_google_auth" name="test_jwt_logout_clears_cookies" time="0.403" /></testsuite></testsuites>