<?xml version="1.0" encoding="utf-8"?><testsuites name="pytest tests"><testsuite name="pytest" errors="0" failures="0" skipped="0" tests="7" time="2.671" timestamp="2026-07-21T09:33:30.002532+00:00" hostname="agent-env-68e437dd-8c00-40f7-93ab-6d04de7d1bb5"><testcase classname="tests.test_referral.TestReferralBackend" name="test_01_referral_null_when_no_premium_use" time="0.431" /><testcase classname="tests.test_referral.TestReferralBackend" name="test_02_referral_code_generated_on_premium_use" time="1.843" /><testcase classname="tests.test_referral.TestReferralBackend" name="test_03_referral_endpoint_returns_full_payload" time="0.123" /><testcase classname="tests.test_referral.TestReferralBackend" name="test_04_idempotent_code" time="0.088" /><testcase classname="tests.test_referral.TestReferralBackend" name="test_05_index_on_referral_code" time="0.001" /><testcase classname="tests.test_referral.TestReferralBackend" name="test_06_referred_count_updates_when_user_referred" time="0.045" /><testcase classname="tests.test_referral.TestReferralBackend" name="test_07_existing_user_with_ref_header_not_credited" time="0.002" /></testsuite></testsuites>